This is XeTeX, Version 3.141592653-2.6-0.999998 (TeX Live 2026) (preloaded format=xelatex 2026.6.4)  12 JUN 2026 18:26
entering extended mode
 restricted \write18 enabled.
 file:line:error style messages enabled.
 %&-line parsing enabled.
**/Users/jglocki/Desktop/thesis/thesis/main.tex
(/Users/jglocki/Desktop/thesis/thesis/main.tex
LaTeX2e <2025-11-01>
L3 programming layer <2026-01-19>
(/usr/local/texlive/2026/texmf-dist/tex/latex/base/report.cls
Document Class: report 2025/01/22 v1.4n Standard LaTeX document class
(/usr/local/texlive/2026/texmf-dist/tex/latex/base/size12.clo
File: size12.clo 2025/01/22 v1.4n Standard LaTeX file (size option)
)
\c@part=\count271
\c@chapter=\count272
\c@section=\count273
\c@subsection=\count274
\c@subsubsection=\count275
\c@paragraph=\count276
\c@subparagraph=\count277
\c@figure=\count278
\c@table=\count279
\abovecaptionskip=\skip49
\belowcaptionskip=\skip50
\bibindent=\dimen148
) (/usr/local/texlive/2026/texmf-dist/tex/latex/tools/longtable.sty
Package: longtable 2025-10-13 v4.24 Multi-page Table package (DPC)
\LTleft=\skip51
\LTright=\skip52
\LTpre=\skip53
\LTpost=\skip54
\LTchunksize=\count280
\LTcapwidth=\dimen149
\LT@head=\box53
\LT@firsthead=\box54
\LT@foot=\box55
\LT@lastfoot=\box56
\LT@gbox=\box57
\LT@cols=\count281
\LT@rows=\count282
\c@LT@tables=\count283
\c@LT@chunks=\count284
\LT@p@ftn=\toks17
) (/usr/local/texlive/2026/texmf-dist/tex/latex/booktabs/booktabs.sty
Package: booktabs 2020/01/12 v1.61803398 Publication quality tables
\heavyrulewidth=\dimen150
\lightrulewidth=\dimen151
\cmidrulewidth=\dimen152
\belowrulesep=\dimen153
\belowbottomsep=\dimen154
\aboverulesep=\dimen155
\abovetopsep=\dimen156
\cmidrulesep=\dimen157
\cmidrulekern=\dimen158
\defaultaddspace=\dimen159
\@cmidla=\count285
\@cmidlb=\count286
\@aboverulesep=\dimen160
\@belowrulesep=\dimen161
\@thisruleclass=\count287
\@lastruleclass=\count288
\@thisrulewidth=\dimen162
) (/usr/local/texlive/2026/texmf-dist/tex/latex/tools/tabularx.sty
Package: tabularx 2023/12/11 v2.12a `tabularx' package (DPC)
 (/usr/local/texlive/2026/texmf-dist/tex/latex/tools/array.sty
Package: array 2025/09/25 v2.6n Tabular extension package (FMi)
\col@sep=\dimen163
\ar@mcellbox=\box58
\extrarowheight=\dimen164
\NC@list=\toks18
\extratabsurround=\skip55
\backup@length=\skip56
\ar@cellbox=\box59
)
\TX@col@width=\dimen165
\TX@old@table=\dimen166
\TX@old@col=\dimen167
\TX@target=\dimen168
\TX@delta=\dimen169
\TX@cols=\count289
\TX@ftn=\toks19
) (/usr/local/texlive/2026/texmf-dist/tex/latex/microtype/microtype.sty
Package: microtype 2026/03/01 v3.2d Micro-typographical refinements (RS)
 (/usr/local/texlive/2026/texmf-dist/tex/latex/graphics/keyval.sty
Package: keyval 2022/05/29 v1.15 key=value parser (DPC)
\KV@toks@=\toks20
) (/usr/local/texlive/2026/texmf-dist/tex/latex/etoolbox/etoolbox.sty
Package: etoolbox 2025/10/02 v2.5m e-TeX tools for LaTeX (JAW)
\etb@tempcnta=\count290
)
\MT@toks=\toks21
\MT@tempbox=\box60
\MT@count=\count291
LaTeX Info: Redefining \noprotrusionifhmode on input line 1084.
LaTeX Info: Redefining \leftprotrusion on input line 1085.
\MT@prot@toks=\toks22
LaTeX Info: Redefining \rightprotrusion on input line 1104.
LaTeX Info: Redefining \textls on input line 1449.
\MT@outer@kern=\dimen170
LaTeX Info: Redefining \microtypecontext on input line 2053.
LaTeX Info: Redefining \textmicrotypecontext on input line 2070.
\MT@listname@count=\count292
 (/usr/local/texlive/2026/texmf-dist/tex/latex/microtype/microtype-xetex.def
File: microtype-xetex.def 2026/03/01 v3.2d Definitions specific to xetex (RS)
LaTeX Info: Redefining \lsstyle on input line 443.
LaTeX Info: Redefining \lslig on input line 451.
\MT@outer@space=\skip57
)
Package microtype Info: Loading configuration file microtype.cfg.
 (/usr/local/texlive/2026/texmf-dist/tex/latex/microtype/microtype.cfg
File: microtype.cfg 2026/03/01 v3.2d microtype main configuration file (RS)
)
LaTeX Info: Redefining \microtypesetup on input line 3065.
) (/usr/local/texlive/2026/texmf-dist/tex/generic/xstring/xstring.sty (/usr/local/texlive/2026/texmf-dist/tex/generic/xstring/xstring.tex
\xs_counta=\count293
\xs_countb=\count294
)
Package: xstring 2023/08/22 v1.86 String manipulations (CT)
) (/usr/local/texlive/2026/texmf-dist/tex/latex/float/float.sty
Package: float 2001/11/08 v1.3d Float enhancements (AL)
\c@float@type=\count295
\float@exts=\toks23
\float@box=\box61
\@float@everytoks=\toks24
\@floatcapt=\box62
) (/usr/local/texlive/2026/texmf-dist/tex/latex/geometry/geometry.sty
Package: geometry 2026/03/07 v6.0 Page Geometry
 (/usr/local/texlive/2026/texmf-dist/tex/generic/iftex/ifvtex.sty
Package: ifvtex 2019/10/25 v1.7 ifvtex legacy package. Use iftex instead.
 (/usr/local/texlive/2026/texmf-dist/tex/generic/iftex/iftex.sty
Package: iftex 2024/12/12 v1.0g TeX engine tests
))
\Gm@cnth=\count296
\Gm@cntv=\count297
\c@Gm@tempcnt=\count298
\Gm@bindingoffset=\dimen171
\Gm@wd@mp=\dimen172
\Gm@odd@mp=\dimen173
\Gm@even@mp=\dimen174
\Gm@layoutwidth=\dimen175
\Gm@layoutheight=\dimen176
\Gm@layouthoffset=\dimen177
\Gm@layoutvoffset=\dimen178
\Gm@dimlist=\toks25
) (/usr/local/texlive/2026/texmf-dist/tex/latex/setspace/setspace.sty
Package: setspace 2022/12/04 v6.7b set line spacing
) (/usr/local/texlive/2026/texmf-dist/tex/latex/polyglossia/polyglossia.sty
Package: polyglossia 2025/12/01 v2.9 Modern multilingual typesetting with XeLaTeX and LuaLaTeX
 (/usr/local/texlive/2026/texmf-dist/tex/latex/fontspec/fontspec.sty (/usr/local/texlive/2026/texmf-dist/tex/latex/l3packages/xparse/xparse.sty (/usr/local/texlive/2026/texmf-dist/tex/latex/l3kernel/expl3.sty
Package: expl3 2026-01-19 L3 programming layer (loader) 
 (/usr/local/texlive/2026/texmf-dist/tex/latex/l3backend/l3backend-xetex.def
File: l3backend-xetex.def 2025-10-09 L3 backend support: XeTeX
\g__graphics_track_int=\count299
\g__pdfannot_backend_int=\count300
\g__pdfannot_backend_link_int=\count301
))
Package: xparse 2025-10-09 L3 Experimental document command parser
)
Package: fontspec 2025/09/29 v2.9g Font selection for XeLaTeX and LuaLaTeX
 (/usr/local/texlive/2026/texmf-dist/tex/latex/fontspec/fontspec-xetex.sty
Package: fontspec-xetex 2025/09/29 v2.9g Font selection for XeLaTeX and LuaLaTeX
\l__fontspec_script_int=\count302
\l__fontspec_language_int=\count303
\l__fontspec_strnum_int=\count304
\l__fontspec_tmp_int=\count305
\l__fontspec_tmpa_int=\count306
\l__fontspec_tmpb_int=\count307
\l__fontspec_tmpc_int=\count308
\l__fontspec_em_int=\count309
\l__fontspec_emdef_int=\count310
\l__fontspec_strong_int=\count311
\l__fontspec_strongdef_int=\count312
\l__fontspec_tmpa_dim=\dimen179
\l__fontspec_tmpb_dim=\dimen180
\l__fontspec_tmpc_dim=\dimen181
 (/usr/local/texlive/2026/texmf-dist/tex/latex/base/fontenc.sty
Package: fontenc 2025/07/18 v2.1d Standard LaTeX package
) (/usr/local/texlive/2026/texmf-dist/tex/latex/fontspec/fontspec.cfg)))
\l_xpg_alias_keyvals_int=\count313
 (/usr/local/texlive/2026/texmf-dist/tex/latex/polyglossia/gloss-latex.ldf
File: gloss-latex.ldf polyglossia: module for default language
)) (/usr/local/texlive/2026/texmf-dist/tex/latex/polyglossia/gloss-polish.ldf
File: gloss-polish.ldf polyglossia: module for Polish
 (/usr/local/texlive/2026/texmf-dist/tex/latex/polyglossia/babelsh.def
File: babelsh.def 2022/06/21 Babel common definitions for shorthands
 Taken verbatim from babel files (2022/06/06 v3.76)
)
Package babel Info: Making " an active character on input line 42.
\polish@hyphen=\XeTeXcharclass1
\polish@openpunctuation=\XeTeXcharclass2
\polish@nonsyllabicpreposition=\XeTeXcharclass3
)

Package polyglossia Info: Default language is polish

 (/usr/local/texlive/2026/texmf-dist/tex/latex/csquotes/csquotes.sty
Package: csquotes 2024-04-04 v5.2o context-sensitive quotations (JAW)
\csq@reset=\count314
\csq@gtype=\count315
\csq@glevel=\count316
\csq@qlevel=\count317
\csq@maxlvl=\count318
\csq@tshold=\count319
\csq@ltx@everypar=\toks26
 (/usr/local/texlive/2026/texmf-dist/tex/latex/csquotes/csquotes.def
File: csquotes.def 2024-04-04 v5.2o csquotes generic definitions (JAW)
)
Package csquotes Info: Trying to load configuration file 'csquotes.cfg'...
Package csquotes Info: ... configuration file loaded successfully.
 (/usr/local/texlive/2026/texmf-dist/tex/latex/csquotes/csquotes.cfg
File: csquotes.cfg 
))

Package fontspec Info: 
(fontspec)             Font family 'TimesNewRoman(0)' created for font 'Times
(fontspec)             New Roman' with options [Ligatures=TeX].
(fontspec)              
(fontspec)              This font family consists of the following NFSS
(fontspec)             series/shapes:
(fontspec)              
(fontspec)             - 'normal' (m/n) with NFSS spec.: <->"Times New
(fontspec)             Roman/OT:script=latn;language=dflt;mapping=tex-text;"
(fontspec)             - 'bold' (b/n) with NFSS spec.: <->"Times New
(fontspec)             Roman/B/OT:script=latn;language=dflt;mapping=tex-text;"
(fontspec)             - 'italic' (m/it) with NFSS spec.: <->"Times New
(fontspec)             Roman/I/OT:script=latn;language=dflt;mapping=tex-text;"
(fontspec)             - 'bold italic' (b/it) with NFSS spec.: <->"Times New
(fontspec)             Roman/BI/OT:script=latn;language=dflt;mapping=tex-text;"


Package fontspec Info: 
(fontspec)             Font family 'Arial(0)' created for font 'Arial' with
(fontspec)             options [Ligatures=TeX].
(fontspec)              
(fontspec)              This font family consists of the following NFSS
(fontspec)             series/shapes:
(fontspec)              
(fontspec)             - 'normal' (m/n) with NFSS spec.:
(fontspec)             <->"Arial/OT:script=latn;language=dflt;mapping=tex-text;"
(fontspec)             - 'bold' (b/n) with NFSS spec.:
(fontspec)             <->"Arial/B/OT:script=latn;language=dflt;mapping=tex-text;"
(fontspec)             - 'italic' (m/it) with NFSS spec.:
(fontspec)             <->"Arial/I/OT:script=latn;language=dflt;mapping=tex-text;"
(fontspec)             - 'bold italic' (b/it) with NFSS spec.:
(fontspec)             <->"Arial/BI/OT:script=latn;language=dflt;mapping=tex-text;"


Package fontspec Info: 
(fontspec)             Font family 'CourierNew(0)' created for font 'Courier
(fontspec)             New' with options
(fontspec)             [WordSpace={1,0,0},HyphenChar=None,PunctuationSpace=WordSpace].
(fontspec)              
(fontspec)              This font family consists of the following NFSS
(fontspec)             series/shapes:
(fontspec)              
(fontspec)             - 'normal' (m/n) with NFSS spec.: <->"Courier
(fontspec)             New/OT:script=latn;language=dflt;"
(fontspec)             - 'bold' (b/n) with NFSS spec.: <->"Courier
(fontspec)             New/B/OT:script=latn;language=dflt;"
(fontspec)             - 'italic' (m/it) with NFSS spec.: <->"Courier
(fontspec)             New/I/OT:script=latn;language=dflt;"
(fontspec)             - 'bold italic' (b/it) with NFSS spec.: <->"Courier
(fontspec)             New/BI/OT:script=latn;language=dflt;"

 (/usr/local/texlive/2026/texmf-dist/tex/latex/amsmath/amsmath.sty
Package: amsmath 2025/07/09 v2.17z AMS math features
\@mathmargin=\skip58

For additional information on amsmath, use the `?' option.
(/usr/local/texlive/2026/texmf-dist/tex/latex/amsmath/amstext.sty
Package: amstext 2024/11/17 v2.01 AMS text
 (/usr/local/texlive/2026/texmf-dist/tex/latex/amsmath/amsgen.sty
File: amsgen.sty 1999/11/30 v2.0 generic functions
\@emptytoks=\toks27
\ex@=\dimen182
)) (/usr/local/texlive/2026/texmf-dist/tex/latex/amsmath/amsbsy.sty
Package: amsbsy 1999/11/29 v1.2d Bold Symbols
\pmbraise@=\dimen183
) (/usr/local/texlive/2026/texmf-dist/tex/latex/amsmath/amsopn.sty
Package: amsopn 2022/04/08 v2.04 operator names
)
\inf@bad=\count320
LaTeX Info: Redefining \frac on input line 233.
\uproot@=\count321
\leftroot@=\count322
LaTeX Info: Redefining \overline on input line 398.
LaTeX Info: Redefining \colon on input line 409.
\classnum@=\count323
\DOTSCASE@=\count324
LaTeX Info: Redefining \ldots on input line 495.
LaTeX Info: Redefining \dots on input line 498.
LaTeX Info: Redefining \cdots on input line 619.
\Mathstrutbox@=\box63
\strutbox@=\box64
LaTeX Info: Redefining \big on input line 721.
LaTeX Info: Redefining \Big on input line 722.
LaTeX Info: Redefining \bigg on input line 723.
LaTeX Info: Redefining \Bigg on input line 724.
\big@size=\dimen184
LaTeX Font Info:    Redeclaring font encoding OML on input line 742.
LaTeX Font Info:    Redeclaring font encoding OMS on input line 743.
\macc@depth=\count325
LaTeX Info: Redefining \bmod on input line 904.
LaTeX Info: Redefining \pmod on input line 909.
LaTeX Info: Redefining \smash on input line 939.
LaTeX Info: Redefining \relbar on input line 969.
LaTeX Info: Redefining \Relbar on input line 970.
\c@MaxMatrixCols=\count326
\dotsspace@=\muskip17
\c@parentequation=\count327
\dspbrk@lvl=\count328
\tag@help=\toks28
\row@=\count329
\column@=\count330
\maxfields@=\count331
\andhelp@=\toks29
\eqnshift@=\dimen185
\alignsep@=\dimen186
\tagshift@=\dimen187
\tagwidth@=\dimen188
\totwidth@=\dimen189
\lineht@=\dimen190
\@envbody=\toks30
\multlinegap=\skip59
\multlinetaggap=\skip60
\mathdisplay@stack=\toks31
LaTeX Info: Redefining \[ on input line 2950.
LaTeX Info: Redefining \] on input line 2951.
) (/usr/local/texlive/2026/texmf-dist/tex/latex/amsfonts/amssymb.sty
Package: amssymb 2013/01/14 v3.01 AMS font symbols
 (/usr/local/texlive/2026/texmf-dist/tex/latex/amsfonts/amsfonts.sty
Package: amsfonts 2013/01/14 v3.01 Basic AMSFonts support
\symAMSa=\mathgroup4
\symAMSb=\mathgroup5
LaTeX Font Info:    Redeclaring math symbol \hbar on input line 98.
LaTeX Font Info:    Overwriting math alphabet `\mathfrak' in version `bold'
(Font)                  U/euf/m/n --> U/euf/b/n on input line 106.
)) (/usr/local/texlive/2026/texmf-dist/tex/latex/pgf/frontendlayer/tikz.sty (/usr/local/texlive/2026/texmf-dist/tex/latex/pgf/basiclayer/pgf.sty (/usr/local/texlive/2026/texmf-dist/tex/latex/pgf/utilities/pgfrcs.sty (/usr/local/texlive/2026/texmf-dist/tex/generic/pgf/utilities/pgfutil-common.tex
\pgfutil@everybye=\toks32
\pgfutil@tempdima=\dimen191
\pgfutil@tempdimb=\dimen192
) (/usr/local/texlive/2026/texmf-dist/tex/generic/pgf/utilities/pgfutil-latex.def
\pgfutil@abb=\box65
) (/usr/local/texlive/2026/texmf-dist/tex/generic/pgf/utilities/pgfrcs.code.tex (/usr/local/texlive/2026/texmf-dist/tex/generic/pgf/pgf.revision.tex)
Package: pgfrcs 2025-08-29 v3.1.11a (3.1.11a)
))
Package: pgf 2025-08-29 v3.1.11a (3.1.11a)
 (/usr/local/texlive/2026/texmf-dist/tex/latex/pgf/basiclayer/pgfcore.sty (/usr/local/texlive/2026/texmf-dist/tex/latex/graphics/graphicx.sty
Package: graphicx 2024/12/31 v1.2e Enhanced LaTeX Graphics (DPC,SPQR)
 (/usr/local/texlive/2026/texmf-dist/tex/latex/graphics/graphics.sty
Package: graphics 2024/08/06 v1.4g Standard LaTeX Graphics (DPC,SPQR)
 (/usr/local/texlive/2026/texmf-dist/tex/latex/graphics/trig.sty
Package: trig 2023/12/02 v1.11 sin cos tan (DPC)
) (/usr/local/texlive/2026/texmf-dist/tex/latex/graphics-cfg/graphics.cfg
File: graphics.cfg 2016/06/04 v1.11 sample graphics configuration
)
Package graphics Info: Driver file: xetex.def on input line 106.
 (/usr/local/texlive/2026/texmf-dist/tex/latex/graphics-def/xetex.def
File: xetex.def 2025/11/01 v5.0p Graphics/color driver for xetex
))
\Gin@req@height=\dimen193
\Gin@req@width=\dimen194
) (/usr/local/texlive/2026/texmf-dist/tex/latex/pgf/systemlayer/pgfsys.sty (/usr/local/texlive/2026/texmf-dist/tex/generic/pgf/systemlayer/pgfsys.code.tex
Package: pgfsys 2025-08-29 v3.1.11a (3.1.11a)
 (/usr/local/texlive/2026/texmf-dist/tex/generic/pgf/utilities/pgfkeys.code.tex
\pgfkeys@pathtoks=\toks33
\pgfkeys@temptoks=\toks34
 (/usr/local/texlive/2026/texmf-dist/tex/generic/pgf/utilities/pgfkeyslibraryfiltered.code.tex
\pgfkeys@tmptoks=\toks35
))
\pgf@x=\dimen195
\pgf@y=\dimen196
\pgf@xa=\dimen197
\pgf@ya=\dimen198
\pgf@xb=\dimen199
\pgf@yb=\dimen256
\pgf@xc=\dimen257
\pgf@yc=\dimen258
\pgf@xd=\dimen259
\pgf@yd=\dimen260
\w@pgf@writea=\write3
\r@pgf@reada=\read2
\c@pgf@counta=\count332
\c@pgf@countb=\count333
\c@pgf@countc=\count334
\c@pgf@countd=\count335
\t@pgf@toka=\toks36
\t@pgf@tokb=\toks37
\t@pgf@tokc=\toks38
\pgf@sys@id@count=\count336
 (/usr/local/texlive/2026/texmf-dist/tex/generic/pgf/systemlayer/pgf.cfg
File: pgf.cfg 2025-08-29 v3.1.11a (3.1.11a)
)
Driver file for pgf: pgfsys-xetex.def
 (/usr/local/texlive/2026/texmf-dist/tex/generic/pgf/systemlayer/pgfsys-xetex.def
File: pgfsys-xetex.def 2025-08-29 v3.1.11a (3.1.11a)
 (/usr/local/texlive/2026/texmf-dist/tex/generic/pgf/systemlayer/pgfsys-dvipdfmx.def
File: pgfsys-dvipdfmx.def 2025-08-29 v3.1.11a (3.1.11a)
 (/usr/local/texlive/2026/texmf-dist/tex/generic/pgf/systemlayer/pgfsys-common-pdf.def
File: pgfsys-common-pdf.def 2025-08-29 v3.1.11a (3.1.11a)
)
\pgfsys@objnum=\count337
))) (/usr/local/texlive/2026/texmf-dist/tex/generic/pgf/systemlayer/pgfsyssoftpath.code.tex
File: pgfsyssoftpath.code.tex 2025-08-29 v3.1.11a (3.1.11a)
\pgfsyssoftpath@smallbuffer@items=\count338
\pgfsyssoftpath@bigbuffer@items=\count339
) (/usr/local/texlive/2026/texmf-dist/tex/generic/pgf/systemlayer/pgfsysprotocol.code.tex
File: pgfsysprotocol.code.tex 2025-08-29 v3.1.11a (3.1.11a)
)) (/usr/local/texlive/2026/texmf-dist/tex/latex/xcolor/xcolor.sty
Package: xcolor 2024/09/29 v3.02 LaTeX color extensions (UK)
 (/usr/local/texlive/2026/texmf-dist/tex/latex/graphics-cfg/color.cfg
File: color.cfg 2016/01/02 v1.6 sample color configuration
)
Package xcolor Info: Driver file: xetex.def on input line 274.
 (/usr/local/texlive/2026/texmf-dist/tex/latex/graphics/mathcolor.ltx)
Package xcolor Info: Model `cmy' substituted by `cmy0' on input line 1349.
Package xcolor Info: Model `RGB' extended on input line 1365.
Package xcolor Info: Model `HTML' substituted by `rgb' on input line 1367.
Package xcolor Info: Model `Hsb' substituted by `hsb' on input line 1368.
Package xcolor Info: Model `tHsb' substituted by `hsb' on input line 1369.
Package xcolor Info: Model `HSB' substituted by `hsb' on input line 1370.
Package xcolor Info: Model `Gray' substituted by `gray' on input line 1371.
Package xcolor Info: Model `wave' substituted by `hsb' on input line 1372.
) (/usr/local/texlive/2026/texmf-dist/tex/generic/pgf/basiclayer/pgfcore.code.tex
Package: pgfcore 2025-08-29 v3.1.11a (3.1.11a)
 (/usr/local/texlive/2026/texmf-dist/tex/generic/pgf/math/pgfmath.code.tex (/usr/local/texlive/2026/texmf-dist/tex/generic/pgf/math/pgfmathutil.code.tex) (/usr/local/texlive/2026/texmf-dist/tex/generic/pgf/math/pgfmathparser.code.tex
\pgfmath@dimen=\dimen261
\pgfmath@count=\count340
\pgfmath@box=\box66
\pgfmath@toks=\toks39
\pgfmath@stack@operand=\toks40
\pgfmath@stack@operation=\toks41
) (/usr/local/texlive/2026/texmf-dist/tex/generic/pgf/math/pgfmathfunctions.code.tex) (/usr/local/texlive/2026/texmf-dist/tex/generic/pgf/math/pgfmathfunctions.basic.code.tex) (/usr/local/texlive/2026/texmf-dist/tex/generic/pgf/math/pgfmathfunctions.trigonometric.code.tex) (/usr/local/texlive/2026/texmf-dist/tex/generic/pgf/math/pgfmathfunctions.random.code.tex) (/usr/local/texlive/2026/texmf-dist/tex/generic/pgf/math/pgfmathfunctions.comparison.code.tex) (/usr/local/texlive/2026/texmf-dist/tex/generic/pgf/math/pgfmathfunctions.base.code.tex) (/usr/local/texlive/2026/texmf-dist/tex/generic/pgf/math/pgfmathfunctions.round.code.tex) (/usr/local/texlive/2026/texmf-dist/tex/generic/pgf/math/pgfmathfunctions.misc.code.tex) (/usr/local/texlive/2026/texmf-dist/tex/generic/pgf/math/pgfmathfunctions.integerarithmetics.code.tex) (/usr/local/texlive/2026/texmf-dist/tex/generic/pgf/math/pgfmathcalc.code.tex) (/usr/local/texlive/2026/texmf-dist/tex/generic/pgf/math/pgfmathfloat.code.tex
\c@pgfmathroundto@lastzeros=\count341
)) (/usr/local/texlive/2026/texmf-dist/tex/generic/pgf/math/pgfint.code.tex) (/usr/local/texlive/2026/texmf-dist/tex/generic/pgf/basiclayer/pgfcorepoints.code.tex
File: pgfcorepoints.code.tex 2025-08-29 v3.1.11a (3.1.11a)
\pgf@picminx=\dimen262
\pgf@picmaxx=\dimen263
\pgf@picminy=\dimen264
\pgf@picmaxy=\dimen265
\pgf@pathminx=\dimen266
\pgf@pathmaxx=\dimen267
\pgf@pathminy=\dimen268
\pgf@pathmaxy=\dimen269
\pgf@xx=\dimen270
\pgf@xy=\dimen271
\pgf@yx=\dimen272
\pgf@yy=\dimen273
\pgf@zx=\dimen274
\pgf@zy=\dimen275
) (/usr/local/texlive/2026/texmf-dist/tex/generic/pgf/basiclayer/pgfcorepathconstruct.code.tex
File: pgfcorepathconstruct.code.tex 2025-08-29 v3.1.11a (3.1.11a)
\pgf@path@lastx=\dimen276
\pgf@path@lasty=\dimen277
) (/usr/local/texlive/2026/texmf-dist/tex/generic/pgf/basiclayer/pgfcorepathusage.code.tex
File: pgfcorepathusage.code.tex 2025-08-29 v3.1.11a (3.1.11a)
\pgf@shorten@end@additional=\dimen278
\pgf@shorten@start@additional=\dimen279
) (/usr/local/texlive/2026/texmf-dist/tex/generic/pgf/basiclayer/pgfcorescopes.code.tex
File: pgfcorescopes.code.tex 2025-08-29 v3.1.11a (3.1.11a)
\pgfpic=\box67
\pgf@hbox=\box68
\pgf@layerbox@main=\box69
\pgf@picture@serial@count=\count342
) (/usr/local/texlive/2026/texmf-dist/tex/generic/pgf/basiclayer/pgfcoregraphicstate.code.tex
File: pgfcoregraphicstate.code.tex 2025-08-29 v3.1.11a (3.1.11a)
\pgflinewidth=\dimen280
) (/usr/local/texlive/2026/texmf-dist/tex/generic/pgf/basiclayer/pgfcoretransformations.code.tex
File: pgfcoretransformations.code.tex 2025-08-29 v3.1.11a (3.1.11a)
\pgf@pt@x=\dimen281
\pgf@pt@y=\dimen282
\pgf@pt@temp=\dimen283
) (/usr/local/texlive/2026/texmf-dist/tex/generic/pgf/basiclayer/pgfcorequick.code.tex
File: pgfcorequick.code.tex 2025-08-29 v3.1.11a (3.1.11a)
) (/usr/local/texlive/2026/texmf-dist/tex/generic/pgf/basiclayer/pgfcoreobjects.code.tex
File: pgfcoreobjects.code.tex 2025-08-29 v3.1.11a (3.1.11a)
) (/usr/local/texlive/2026/texmf-dist/tex/generic/pgf/basiclayer/pgfcorepathprocessing.code.tex
File: pgfcorepathprocessing.code.tex 2025-08-29 v3.1.11a (3.1.11a)
) (/usr/local/texlive/2026/texmf-dist/tex/generic/pgf/basiclayer/pgfcorearrows.code.tex
File: pgfcorearrows.code.tex 2025-08-29 v3.1.11a (3.1.11a)
\pgfarrowsep=\dimen284
) (/usr/local/texlive/2026/texmf-dist/tex/generic/pgf/basiclayer/pgfcoreshade.code.tex
File: pgfcoreshade.code.tex 2025-08-29 v3.1.11a (3.1.11a)
\pgf@max=\dimen285
\pgf@sys@shading@range@num=\count343
\pgf@shadingcount=\count344
) (/usr/local/texlive/2026/texmf-dist/tex/generic/pgf/basiclayer/pgfcoreimage.code.tex
File: pgfcoreimage.code.tex 2025-08-29 v3.1.11a (3.1.11a)
) (/usr/local/texlive/2026/texmf-dist/tex/generic/pgf/basiclayer/pgfcoreexternal.code.tex
File: pgfcoreexternal.code.tex 2025-08-29 v3.1.11a (3.1.11a)
\pgfexternal@startupbox=\box70
) (/usr/local/texlive/2026/texmf-dist/tex/generic/pgf/basiclayer/pgfcorelayers.code.tex
File: pgfcorelayers.code.tex 2025-08-29 v3.1.11a (3.1.11a)
) (/usr/local/texlive/2026/texmf-dist/tex/generic/pgf/basiclayer/pgfcoretransparency.code.tex
File: pgfcoretransparency.code.tex 2025-08-29 v3.1.11a (3.1.11a)
) (/usr/local/texlive/2026/texmf-dist/tex/generic/pgf/basiclayer/pgfcorepatterns.code.tex
File: pgfcorepatterns.code.tex 2025-08-29 v3.1.11a (3.1.11a)
) (/usr/local/texlive/2026/texmf-dist/tex/generic/pgf/basiclayer/pgfcorerdf.code.tex
File: pgfcorerdf.code.tex 2025-08-29 v3.1.11a (3.1.11a)
))) (/usr/local/texlive/2026/texmf-dist/tex/generic/pgf/modules/pgfmoduleshapes.code.tex
File: pgfmoduleshapes.code.tex 2025-08-29 v3.1.11a (3.1.11a)
\pgfnodeparttextbox=\box71
) (/usr/local/texlive/2026/texmf-dist/tex/generic/pgf/modules/pgfmoduleplot.code.tex
File: pgfmoduleplot.code.tex 2025-08-29 v3.1.11a (3.1.11a)
) (/usr/local/texlive/2026/texmf-dist/tex/latex/pgf/compatibility/pgfcomp-version-0-65.sty
Package: pgfcomp-version-0-65 2025-08-29 v3.1.11a (3.1.11a)
\pgf@nodesepstart=\dimen286
\pgf@nodesepend=\dimen287
) (/usr/local/texlive/2026/texmf-dist/tex/latex/pgf/compatibility/pgfcomp-version-1-18.sty
Package: pgfcomp-version-1-18 2025-08-29 v3.1.11a (3.1.11a)
)) (/usr/local/texlive/2026/texmf-dist/tex/latex/pgf/utilities/pgffor.sty (/usr/local/texlive/2026/texmf-dist/tex/latex/pgf/utilities/pgfkeys.sty (/usr/local/texlive/2026/texmf-dist/tex/generic/pgf/utilities/pgfkeys.code.tex)) (/usr/local/texlive/2026/texmf-dist/tex/latex/pgf/math/pgfmath.sty (/usr/local/texlive/2026/texmf-dist/tex/generic/pgf/math/pgfmath.code.tex)) (/usr/local/texlive/2026/texmf-dist/tex/generic/pgf/utilities/pgffor.code.tex
Package: pgffor 2025-08-29 v3.1.11a (3.1.11a)
\pgffor@iter=\dimen288
\pgffor@skip=\dimen289
\pgffor@stack=\toks42
\pgffor@toks=\toks43
)) (/usr/local/texlive/2026/texmf-dist/tex/generic/pgf/frontendlayer/tikz/tikz.code.tex
Package: tikz 2025-08-29 v3.1.11a (3.1.11a)
 (/usr/local/texlive/2026/texmf-dist/tex/generic/pgf/libraries/pgflibraryplothandlers.code.tex
File: pgflibraryplothandlers.code.tex 2025-08-29 v3.1.11a (3.1.11a)
\pgf@plot@mark@count=\count345
\pgfplotmarksize=\dimen290
)
\tikz@lastx=\dimen291
\tikz@lasty=\dimen292
\tikz@lastxsaved=\dimen293
\tikz@lastysaved=\dimen294
\tikz@lastmovetox=\dimen295
\tikz@lastmovetoy=\dimen296
\tikzleveldistance=\dimen297
\tikzsiblingdistance=\dimen298
\tikz@figbox=\box72
\tikz@figbox@bg=\box73
\tikz@tempbox=\box74
\tikz@tempbox@bg=\box75
\tikztreelevel=\count346
\tikznumberofchildren=\count347
\tikznumberofcurrentchild=\count348
\tikz@fig@count=\count349
 (/usr/local/texlive/2026/texmf-dist/tex/generic/pgf/modules/pgfmodulematrix.code.tex
File: pgfmodulematrix.code.tex 2025-08-29 v3.1.11a (3.1.11a)
\pgfmatrixcurrentrow=\count350
\pgfmatrixcurrentcolumn=\count351
\pgf@matrix@numberofcolumns=\count352
)
\tikz@expandcount=\count353
 (/usr/local/texlive/2026/texmf-dist/tex/generic/pgf/frontendlayer/tikz/libraries/tikzlibrarytopaths.code.tex
File: tikzlibrarytopaths.code.tex 2025-08-29 v3.1.11a (3.1.11a)
))) (/usr/local/texlive/2026/texmf-dist/tex/generic/pgf/frontendlayer/tikz/libraries/tikzlibrarypositioning.code.tex
File: tikzlibrarypositioning.code.tex 2025-08-29 v3.1.11a (3.1.11a)
) (/usr/local/texlive/2026/texmf-dist/tex/generic/pgf/libraries/pgflibraryarrows.meta.code.tex
File: pgflibraryarrows.meta.code.tex 2025-08-29 v3.1.11a (3.1.11a)
\pgfarrowinset=\dimen299
\pgfarrowlength=\dimen300
\pgfarrowwidth=\dimen301
\pgfarrowlinewidth=\dimen302
) (/usr/local/texlive/2026/texmf-dist/tex/generic/pgf/frontendlayer/tikz/libraries/tikzlibraryshapes.geometric.code.tex
File: tikzlibraryshapes.geometric.code.tex 2025-08-29 v3.1.11a (3.1.11a)
 (/usr/local/texlive/2026/texmf-dist/tex/generic/pgf/libraries/shapes/pgflibraryshapes.geometric.code.tex
File: pgflibraryshapes.geometric.code.tex 2025-08-29 v3.1.11a (3.1.11a)
)) (/usr/local/texlive/2026/texmf-dist/tex/generic/pgf/frontendlayer/tikz/libraries/tikzlibraryfit.code.tex
File: tikzlibraryfit.code.tex 2025-08-29 v3.1.11a (3.1.11a)
) (/usr/local/texlive/2026/texmf-dist/tex/generic/pgf/frontendlayer/tikz/libraries/tikzlibrarycalc.code.tex
File: tikzlibrarycalc.code.tex 2025-08-29 v3.1.11a (3.1.11a)
) (/usr/local/texlive/2026/texmf-dist/tex/generic/pgf/frontendlayer/tikz/libraries/tikzlibrarybackgrounds.code.tex
File: tikzlibrarybackgrounds.code.tex 2025-08-29 v3.1.11a (3.1.11a)
\pgf@layerbox@background=\box76
\pgf@layerboxsaved@background=\box77
) (/usr/local/texlive/2026/texmf-dist/tex/generic/pgf/frontendlayer/tikz/libraries/tikzlibraryautomata.code.tex
File: tikzlibraryautomata.code.tex 2025-08-29 v3.1.11a (3.1.11a)
 (/usr/local/texlive/2026/texmf-dist/tex/generic/pgf/frontendlayer/tikz/libraries/tikzlibraryshapes.multipart.code.tex
File: tikzlibraryshapes.multipart.code.tex 2025-08-29 v3.1.11a (3.1.11a)
 (/usr/local/texlive/2026/texmf-dist/tex/generic/pgf/libraries/shapes/pgflibraryshapes.multipart.code.tex
File: pgflibraryshapes.multipart.code.tex 2025-08-29 v3.1.11a (3.1.11a)
\pgfnodepartlowerbox=\box78
\pgfnodeparttwobox=\box79
\pgfnodepartthreebox=\box80
\pgfnodepartfourbox=\box81
\pgfnodeparttwentybox=\box82
\pgfnodepartnineteenbox=\box83
\pgfnodeparteighteenbox=\box84
\pgfnodepartseventeenbox=\box85
\pgfnodepartsixteenbox=\box86
\pgfnodepartfifteenbox=\box87
\pgfnodepartfourteenbox=\box88
\pgfnodepartthirteenbox=\box89
\pgfnodeparttwelvebox=\box90
\pgfnodepartelevenbox=\box91
\pgfnodeparttenbox=\box92
\pgfnodepartninebox=\box93
\pgfnodeparteightbox=\box94
\pgfnodepartsevenbox=\box95
\pgfnodepartsixbox=\box96
\pgfnodepartfivebox=\box97
))) (/usr/local/texlive/2026/texmf-dist/tex/latex/caption/caption.sty
Package: caption 2023/08/05 v3.6o Customizing captions (AR)
 (/usr/local/texlive/2026/texmf-dist/tex/latex/caption/caption3.sty
Package: caption3 2023/07/31 v2.4d caption3 kernel (AR)
\caption@tempdima=\dimen303
\captionmargin=\dimen304
\caption@leftmargin=\dimen305
\caption@rightmargin=\dimen306
\caption@width=\dimen307
\caption@indent=\dimen308
\caption@parindent=\dimen309
\caption@hangindent=\dimen310
Package caption Info: Standard document class detected.
)
\c@caption@flags=\count354
\c@continuedfloat=\count355
Package caption Info: float package is loaded.
Package caption Info: longtable package is loaded.
 (/usr/local/texlive/2026/texmf-dist/tex/latex/caption/ltcaption.sty
Package: ltcaption 2021/01/08 v1.4c longtable captions (AR)
)) (/usr/local/texlive/2026/texmf-dist/tex/latex/listings/listings.sty
\lst@mode=\count356
\lst@gtempboxa=\box98
\lst@token=\toks44
\lst@length=\count357
\lst@currlwidth=\dimen311
\lst@column=\count358
\lst@pos=\count359
\lst@lostspace=\dimen312
\lst@width=\dimen313
\lst@newlines=\count360
\lst@lineno=\count361
\lst@maxwidth=\dimen314
 (/usr/local/texlive/2026/texmf-dist/tex/latex/listings/lstpatch.sty
File: lstpatch.sty 2025/11/14 1.11b (Carsten Heinz)
) (/usr/local/texlive/2026/texmf-dist/tex/latex/listings/lstmisc.sty
File: lstmisc.sty 2025/11/14 1.11b (Carsten Heinz)
\c@lstnumber=\count362
\lst@skipnumbers=\count363
\lst@framebox=\box99
) (/usr/local/texlive/2026/texmf-dist/tex/latex/listings/listings.cfg
File: listings.cfg 2025/11/14 1.11b listings configuration
))
Package: listings 2025/11/14 1.11b (Carsten Heinz)

==> First Aid for listings.sty no longer applied!
    Expected:
        2024/09/23 1.10c (Carsten Heinz)
    but found:
        2025/11/14 1.11b (Carsten Heinz)
    so I'm assuming it got fixed.
(/usr/local/texlive/2026/texmf-dist/tex/latex/titlesec/titlesec.sty
Package: titlesec 2025/01/04 v2.17 Sectioning titles
\ttl@box=\box100
\beforetitleunit=\skip61
\aftertitleunit=\skip62
\ttl@plus=\dimen315
\ttl@minus=\dimen316
\ttl@toksa=\toks45
\titlewidth=\dimen317
\titlewidthlast=\dimen318
\titlewidthfirst=\dimen319
) (/usr/local/texlive/2026/texmf-dist/tex/latex/fancyhdr/fancyhdr.sty
Package: fancyhdr 2025/02/07 v5.2 Extensive control of page headers and footers
\f@nch@headwidth=\skip63
\f@nch@offset@elh=\skip64
\f@nch@offset@erh=\skip65
\f@nch@offset@olh=\skip66
\f@nch@offset@orh=\skip67
\f@nch@offset@elf=\skip68
\f@nch@offset@erf=\skip69
\f@nch@offset@olf=\skip70
\f@nch@offset@orf=\skip71
\f@nch@height=\skip72
\f@nch@footalignment=\skip73
\f@nch@widthL=\skip74
\f@nch@widthC=\skip75
\f@nch@widthR=\skip76
\@temptokenb=\toks46
) (/usr/local/texlive/2026/texmf-dist/tex/latex/hyperref/hyperref.sty
Package: hyperref 2026-01-29 v7.01p Hypertext links for LaTeX
 (/usr/local/texlive/2026/texmf-dist/tex/latex/kvsetkeys/kvsetkeys.sty
Package: kvsetkeys 2022-10-05 v1.19 Key value parser (HO)
) (/usr/local/texlive/2026/texmf-dist/tex/generic/kvdefinekeys/kvdefinekeys.sty
Package: kvdefinekeys 2019-12-19 v1.6 Define keys (HO)
) (/usr/local/texlive/2026/texmf-dist/tex/generic/pdfescape/pdfescape.sty
Package: pdfescape 2019/12/09 v1.15 Implements pdfTeX's escape features (HO)
 (/usr/local/texlive/2026/texmf-dist/tex/generic/ltxcmds/ltxcmds.sty
Package: ltxcmds 2023-12-04 v1.26 LaTeX kernel commands for general use (HO)
) (/usr/local/texlive/2026/texmf-dist/tex/generic/pdftexcmds/pdftexcmds.sty
Package: pdftexcmds 2020-06-27 v0.33 Utility functions of pdfTeX for LuaTeX (HO)
 (/usr/local/texlive/2026/texmf-dist/tex/generic/infwarerr/infwarerr.sty
Package: infwarerr 2019/12/03 v1.5 Providing info/warning/error messages (HO)
)
Package pdftexcmds Info: \pdf@primitive is available.
Package pdftexcmds Info: \pdf@ifprimitive is available.
Package pdftexcmds Info: \pdfdraftmode not found.
)) (/usr/local/texlive/2026/texmf-dist/tex/latex/hycolor/hycolor.sty
Package: hycolor 2020-01-27 v1.10 Color options for hyperref/bookmark (HO)
) (/usr/local/texlive/2026/texmf-dist/tex/latex/hyperref/nameref.sty
Package: nameref 2026-01-29 v2.58 Cross-referencing by name of section
 (/usr/local/texlive/2026/texmf-dist/tex/latex/refcount/refcount.sty
Package: refcount 2019/12/15 v3.6 Data extraction from label references (HO)
) (/usr/local/texlive/2026/texmf-dist/tex/generic/gettitlestring/gettitlestring.sty
Package: gettitlestring 2019/12/15 v1.6 Cleanup title references (HO)
 (/usr/local/texlive/2026/texmf-dist/tex/latex/kvoptions/kvoptions.sty
Package: kvoptions 2022-06-15 v3.15 Key value format for package options (HO)
))
\c@section@level=\count364
) (/usr/local/texlive/2026/texmf-dist/tex/generic/stringenc/stringenc.sty
Package: stringenc 2019/11/29 v1.12 Convert strings between diff. encodings (HO)
)
\@linkdim=\dimen320
\Hy@linkcounter=\count365
\Hy@pagecounter=\count366
 (/usr/local/texlive/2026/texmf-dist/tex/latex/hyperref/pd1enc.def
File: pd1enc.def 2026-01-29 v7.01p Hyperref: PDFDocEncoding definition (HO)
) (/usr/local/texlive/2026/texmf-dist/tex/generic/intcalc/intcalc.sty
Package: intcalc 2019/12/15 v1.3 Expandable calculations with integers (HO)
)
\Hy@SavedSpaceFactor=\count367
 (/usr/local/texlive/2026/texmf-dist/tex/latex/hyperref/puenc.def
File: puenc.def 2026-01-29 v7.01p Hyperref: PDF Unicode definition (HO)
)
Package hyperref Info: Hyper figures OFF on input line 4201.
Package hyperref Info: Link nesting OFF on input line 4206.
Package hyperref Info: Hyper index ON on input line 4209.
Package hyperref Info: Plain pages OFF on input line 4216.
Package hyperref Info: Backreferencing OFF on input line 4221.
Package hyperref Info: Implicit mode ON; LaTeX internals redefined.
Package hyperref Info: Bookmarks ON on input line 4468.
\c@Hy@tempcnt=\count368
 (/usr/local/texlive/2026/texmf-dist/tex/latex/url/url.sty
\Urlmuskip=\muskip18
Package: url 2013/09/16  ver 3.4  Verb mode for urls, etc.
)
LaTeX Info: Redefining \url on input line 4807.
\XeTeXLinkMargin=\dimen321
 (/usr/local/texlive/2026/texmf-dist/tex/generic/bitset/bitset.sty
Package: bitset 2019/12/09 v1.3 Handle bit-vector datatype (HO)
 (/usr/local/texlive/2026/texmf-dist/tex/generic/bigintcalc/bigintcalc.sty
Package: bigintcalc 2019/12/15 v1.5 Expandable calculations on big integers (HO)
))
\Fld@menulength=\count369
\Field@Width=\dimen322
\Fld@charsize=\dimen323
Package hyperref Info: Hyper figures OFF on input line 6084.
Package hyperref Info: Link nesting OFF on input line 6089.
Package hyperref Info: Hyper index ON on input line 6092.
Package hyperref Info: backreferencing OFF on input line 6099.
Package hyperref Info: Link coloring OFF on input line 6104.
Package hyperref Info: Link coloring with OCG OFF on input line 6109.
Package hyperref Info: PDF/A mode OFF on input line 6114.
\Hy@abspage=\count370
\c@Item=\count371
\c@Hfootnote=\count372
)
Package hyperref Info: Driver (autodetected): hxetex.
 (/usr/local/texlive/2026/texmf-dist/tex/latex/hyperref/hxetex.def
File: hxetex.def 2026-01-29 v7.01p Hyperref driver for XeTeX
\pdfm@box=\box101
\c@Hy@AnnotLevel=\count373
\HyField@AnnotCount=\count374
\Fld@listcount=\count375
\c@bookmark@seq@number=\count376
 (/usr/local/texlive/2026/texmf-dist/tex/latex/rerunfilecheck/rerunfilecheck.sty
Package: rerunfilecheck 2025-06-21 v1.11 Rerun checks for auxiliary files (HO)
 (/usr/local/texlive/2026/texmf-dist/tex/generic/uniquecounter/uniquecounter.sty
Package: uniquecounter 2019/12/15 v1.4 Provide unlimited unique counter (HO)
)
Package uniquecounter Info: New unique counter `rerunfilecheck' on input line 284.
)
\Hy@SectionHShift=\skip77
) (/usr/local/texlive/2026/texmf-dist/tex/latex/xurl/xurl.sty
Package: xurl 2022/01/09 v 0.10 modify URL breaks
) (/usr/local/texlive/2026/texmf-dist/tex/latex/biblatex/biblatex.sty
Package: biblatex 2025/07/10 v3.21 programmable bibliographies (PK/MW)
 (/usr/local/texlive/2026/texmf-dist/tex/latex/logreq/logreq.sty
Package: logreq 2010/08/04 v1.0 xml request logger
\lrq@indent=\count377
 (/usr/local/texlive/2026/texmf-dist/tex/latex/logreq/logreq.def
File: logreq.def 2010/08/04 v1.0 logreq spec v1.0
)) (/usr/local/texlive/2026/texmf-dist/tex/latex/base/ifthen.sty
Package: ifthen 2024/03/16 v1.1e Standard LaTeX ifthen package (DPC)
)
\c@tabx@nest=\count378
\c@listtotal=\count379
\c@listcount=\count380
\c@liststart=\count381
\c@liststop=\count382
\c@citecount=\count383
\c@citetotal=\count384
\c@multicitecount=\count385
\c@multicitetotal=\count386
\c@instcount=\count387
\c@maxnames=\count388
\c@minnames=\count389
\c@maxitems=\count390
\c@minitems=\count391
\c@citecounter=\count392
\c@maxcitecounter=\count393
\c@savedcitecounter=\count394
\c@uniquelist=\count395
\c@uniquename=\count396
\c@refsection=\count397
\c@refsegment=\count398
\c@maxextratitle=\count399
\c@maxextratitleyear=\count400
\c@maxextraname=\count401
\c@maxextradate=\count402
\c@maxextraalpha=\count403
\c@abbrvpenalty=\count404
\c@highnamepenalty=\count405
\c@lownamepenalty=\count406
\c@maxparens=\count407
\c@parenlevel=\count408
\blx@tempcnta=\count409
\blx@tempcntb=\count410
\blx@tempcntc=\count411
\c@blx@maxsection=\count412
\blx@maxsegment@0=\count413
\blx@notetype=\count414
\blx@parenlevel@text=\count415
\blx@parenlevel@foot=\count416
\blx@sectionciteorder@0=\count417
\blx@sectionciteorderinternal@0=\count418
\blx@entrysetcounter=\count419
\blx@biblioinstance=\count420
\labelnumberwidth=\skip78
\labelalphawidth=\skip79
\biblabelsep=\skip80
\bibitemsep=\skip81
\bibnamesep=\skip82
\bibinitsep=\skip83
\bibparsep=\skip84
\bibhang=\skip85
\blx@bcfin=\read3
\blx@bcfout=\write4
\blx@langwohyphens=\language91
\c@mincomprange=\count421
\c@maxcomprange=\count422
\c@mincompwidth=\count423
Package biblatex Info: Trying to load biblatex default data model...
Package biblatex Info: ... file 'blx-dm.def' found.
 (/usr/local/texlive/2026/texmf-dist/tex/latex/biblatex/blx-dm.def
File: blx-dm.def 2025/07/10 v3.21 biblatex datamodel (PK/MW)
)
Package biblatex Info: Trying to load biblatex style data model...
Package biblatex Info: ... file 'apa6.dbx' found.
 (/usr/local/texlive/2026/texmf-dist/tex/latex/biblatex-apa6/apa6.dbx
File: apa6.dbx 2020/08/28 v8.5 APA 6th ed. biblatex style data model
)
Package biblatex Info: Trying to load biblatex custom data model...
Package biblatex Info: ... file 'biblatex-dm.cfg' not found.
\c@afterword=\count424
\c@savedafterword=\count425
\c@annotator=\count426
\c@savedannotator=\count427
\c@author=\count428
\c@savedauthor=\count429
\c@bookauthor=\count430
\c@savedbookauthor=\count431
\c@commentator=\count432
\c@savedcommentator=\count433
\c@editor=\count434
\c@savededitor=\count435
\c@editora=\count436
\c@savededitora=\count437
\c@editorb=\count438
\c@savededitorb=\count439
\c@editorc=\count440
\c@savededitorc=\count441
\c@foreword=\count442
\c@savedforeword=\count443
\c@holder=\count444
\c@savedholder=\count445
\c@introduction=\count446
\c@savedintroduction=\count447
\c@namea=\count448
\c@savednamea=\count449
\c@nameb=\count450
\c@savednameb=\count451
\c@namec=\count452
\c@savednamec=\count453
\c@translator=\count454
\c@savedtranslator=\count455
\c@shortauthor=\count456
\c@savedshortauthor=\count457
\c@shorteditor=\count458
\c@savedshorteditor=\count459
\c@with=\count460
\c@savedwith=\count461
\c@writer=\count462
\c@savedwriter=\count463
\c@producer=\count464
\c@savedproducer=\count465
\c@execproducer=\count466
\c@savedexecproducer=\count467
\c@director=\count468
\c@saveddirector=\count469
\c@labelname=\count470
\c@savedlabelname=\count471
\c@institution=\count472
\c@savedinstitution=\count473
\c@lista=\count474
\c@savedlista=\count475
\c@listb=\count476
\c@savedlistb=\count477
\c@listc=\count478
\c@savedlistc=\count479
\c@listd=\count480
\c@savedlistd=\count481
\c@liste=\count482
\c@savedliste=\count483
\c@listf=\count484
\c@savedlistf=\count485
\c@location=\count486
\c@savedlocation=\count487
\c@organization=\count488
\c@savedorganization=\count489
\c@origlocation=\count490
\c@savedoriglocation=\count491
\c@origpublisher=\count492
\c@savedorigpublisher=\count493
\c@publisher=\count494
\c@savedpublisher=\count495
\c@language=\count496
\c@savedlanguage=\count497
\c@origlanguage=\count498
\c@savedoriglanguage=\count499
\c@pageref=\count500
\c@savedpageref=\count501
\shorthandwidth=\skip86
\shortjournalwidth=\skip87
\shortserieswidth=\skip88
\shorttitlewidth=\skip89
\shortauthorwidth=\skip90
\shorteditorwidth=\skip91
\locallabelnumberwidth=\skip92
\locallabelalphawidth=\skip93
\localshorthandwidth=\skip94
\localshortjournalwidth=\skip95
\localshortserieswidth=\skip96
\localshorttitlewidth=\skip97
\localshortauthorwidth=\skip98
\localshorteditorwidth=\skip99
Package biblatex Info: Trying to load enhanced support for Unicode engines...
Package biblatex Info: ... file 'blx-unicode.def' found.
 (/usr/local/texlive/2026/texmf-dist/tex/latex/biblatex/blx-unicode.def)
Package biblatex Info: Trying to load compatibility code...
Package biblatex Info: ... file 'blx-compat.def' found.
 (/usr/local/texlive/2026/texmf-dist/tex/latex/biblatex/blx-compat.def
File: blx-compat.def 2025/07/10 v3.21 biblatex compatibility (PK/MW)
)
Package biblatex Info: Trying to load generic definitions...
Package biblatex Info: ... file 'biblatex.def' found.
 (/usr/local/texlive/2026/texmf-dist/tex/latex/biblatex/biblatex.def
File: biblatex.def 2025/07/10 v3.21 biblatex compatibility (PK/MW)
\c@textcitecount=\count502
\c@textcitetotal=\count503
\c@textcitemaxnames=\count504
\c@biburlbigbreakpenalty=\count505
\c@biburlbreakpenalty=\count506
\c@biburlnumpenalty=\count507
\c@biburlucpenalty=\count508
\c@biburllcpenalty=\count509
\biburlbigskip=\muskip19
\biburlnumskip=\muskip20
\biburlucskip=\muskip21
\biburllcskip=\muskip22
\c@smartand=\count510
)
Package biblatex Info: Trying to load bibliography style 'apa6'...
Package biblatex Info: ... file 'apa6.bbx' found.
 (/usr/local/texlive/2026/texmf-dist/tex/latex/biblatex-apa6/apa6.bbx
File: apa6.bbx 2020/08/28 v8.5 APA 6th ed. biblatex references style
Package biblatex Info: Trying to load bibliography style 'standard'...
Package biblatex Info: ... file 'standard.bbx' found.
 (/usr/local/texlive/2026/texmf-dist/tex/latex/biblatex/bbx/standard.bbx
File: standard.bbx 2025/07/10 v3.21 biblatex bibliography style (PK/MW)
\c@bbx:relatedcount=\count511
\c@bbx:relatedtotal=\count512
)
Package biblatex Info: Delimiter 'nameyeardelim' in context 'bib' already defined, overwriting.
Package biblatex Info: Delimiter 'nameyeardelim' in context 'biblist' already defined, overwriting.


Package biblatex Warning: The starred command '\DeclareDelimAlias*' is
(biblatex)                deprecated.
(biblatex)                Use the unstarred version '\DeclareDelimAlias'
(biblatex)                instead.

Package biblatex Info: Delimiter 'nonameyeardelim' in context 'bib' already defined, overwriting.
Package biblatex Info: Delimiter 'nonameyeardelim' in context 'biblist' already defined, overwriting.
)
Package biblatex Info: Trying to load citation style 'apa6'...
Package biblatex Info: ... file 'apa6.cbx' found.
 (/usr/local/texlive/2026/texmf-dist/tex/latex/biblatex-apa6/apa6.cbx
File: apa6.cbx 2020/08/28 v8.5 APA 6th ed. biblatex citation style
Package biblatex Info: Delimiter 'nameyeardelim' in context '' already defined, overwriting.
Package biblatex Info: Delimiter 'andothersdelim' in context '' already defined, overwriting.
Package biblatex Info: Redefining '\fullcite'.
Package biblatex Info: Redefining '\citeauthor'.
Package biblatex Info: Redefining '\citeyear'.
Package biblatex Info: Redefining '\cite'.
Package biblatex Info: Redefining '\cites'.
Package biblatex Info: Redefining '\parencite'.
Package biblatex Info: Redefining '\parencites'.
Package biblatex Info: Redefining '\footcite'.
Package biblatex Info: Redefining '\footcites'.
Package biblatex Info: Redefining '\footcitetext'.
Package biblatex Info: Redefining '\footcitetexts'.
Package biblatex Info: Redefining '\smartcite'.
Package biblatex Info: Redefining '\smartcites'.
Package biblatex Info: Redefining '\textcite'.
Package biblatex Info: Redefining '\textcites'.
)
Package biblatex Info: Trying to load configuration file...
Package biblatex Info: ... file 'biblatex.cfg' found.
 (/usr/local/texlive/2026/texmf-dist/tex/latex/biblatex/biblatex.cfg
File: biblatex.cfg 
)
Package biblatex Info: XeTeX detected.
(biblatex)             Assuming input encoding 'utf8'.
Package biblatex Info: Document encoding is UTF8 ....
Package biblatex Info: ... and expl3
(biblatex)             2026-01-19 L3 programming layer (loader) 
(biblatex)             is new enough (at least 2020/04/06),
(biblatex)             setting 'casechanger=expl3'.
 (/usr/local/texlive/2026/texmf-dist/tex/latex/biblatex/blx-case-expl3.sty
Package: blx-case-expl3 2025/07/10 v3.21 expl3 case changing code for biblatex
))
Package biblatex Info: Delimiter 'finalnamedelim' in context '' already defined, overwriting on input line 160.
Package biblatex Info: Delimiter 'finalnamedelim:apa:family-given' in context 'bib' already defined, overwriting on input line 169.
Package biblatex Info: Delimiter 'finalnamedelim:apa:family-given' in context 'biblist' already defined, overwriting on input line 169.
Package csquotes Info: Checking for multilingual support...
Package csquotes Info: ... found 'polyglossia' package.
Package csquotes Info: Adjusting default style.
Package csquotes Info: Redefining alias 'default' -> 'polish'.
 (build/main.aux (build/rozdzialy/1_wstep.aux) (build/rozdzialy/2_podstawy_mikroserwisow.aux) (build/rozdzialy/3_kubernetes.aux) (build/rozdzialy/4_aws.aux) (build/rozdzialy/5_projekt_systemu.aux) (build/rozdzialy/6_implementacja_mikroserwisow.aux) (build/rozdzialy/7_implementacja_portalu.aux) (build/rozdzialy/8_infrastruktura.aux) (build/rozdzialy/9_testy.aux) (build/rozdzialy/10_wnioski.aux))
\openout1 = `main.aux'.

LaTeX Font Info:    Checking defaults for OML/cmm/m/it on input line 193.
LaTeX Font Info:    ... okay on input line 193.
LaTeX Font Info:    Checking defaults for OMS/cmsy/m/n on input line 193.
LaTeX Font Info:    ... okay on input line 193.
LaTeX Font Info:    Checking defaults for OT1/cmr/m/n on input line 193.
LaTeX Font Info:    ... okay on input line 193.
LaTeX Font Info:    Checking defaults for T1/cmr/m/n on input line 193.
LaTeX Font Info:    ... okay on input line 193.
LaTeX Font Info:    Checking defaults for TS1/cmr/m/n on input line 193.
LaTeX Font Info:    ... okay on input line 193.
LaTeX Font Info:    Checking defaults for TU/lmr/m/n on input line 193.
LaTeX Font Info:    ... okay on input line 193.
LaTeX Font Info:    Checking defaults for OMX/cmex/m/n on input line 193.
LaTeX Font Info:    ... okay on input line 193.
LaTeX Font Info:    Checking defaults for U/cmr/m/n on input line 193.
LaTeX Font Info:    ... okay on input line 193.
LaTeX Font Info:    Checking defaults for PD1/pdf/m/n on input line 193.
LaTeX Font Info:    ... okay on input line 193.
LaTeX Font Info:    Checking defaults for PU/pdf/m/n on input line 193.
LaTeX Font Info:    ... okay on input line 193.
LaTeX Info: Redefining \microtypecontext on input line 193.
Package microtype Info: Applying patch `item' on input line 193.
Package microtype Info: Applying patch `toc' on input line 193.
Package microtype Info: Applying patch `eqnum' on input line 193.
Package microtype Info: Applying patch `footnote' on input line 193.
Package microtype Info: Applying patch `verbatim' on input line 193.
LaTeX Info: Redefining \microtypesetup on input line 193.
Package microtype Info: Character protrusion enabled (level 2).
Package microtype Info: Using default protrusion set `alltext'.
Package microtype Info: No adjustment of tracking.
Package microtype Info: No adjustment of spacing.
Package microtype Info: No adjustment of kerning.
Package microtype Info: Loading generic protrusion settings for font family
(microtype)             `TimesNewRoman' (encoding: TU).
(microtype)             For optimal results, create family-specific settings.
(microtype)             See the microtype manual for details.

*geometry* driver: auto-detecting
*geometry* detected driver: xetex
*geometry* verbose mode - [ preamble ] result:
* driver: xetex
* paper: a4paper
* layout: <same size as paper>
* layoutoffset:(h,v)=(0.0pt,0.0pt)
* modes: 
* h-part:(L,W,R)=(71.13188pt, 455.24411pt, 71.13188pt)
* v-part:(T,H,B)=(71.13188pt, 702.78308pt, 71.13188pt)
* \paperwidth=597.50787pt
* \paperheight=845.04684pt
* \textwidth=455.24411pt
* \textheight=702.78308pt
* \oddsidemargin=-1.1381pt
* \evensidemargin=-1.1381pt
* \topmargin=-38.1381pt
* \headheight=12.0pt
* \headsep=25.0pt
* \topskip=12.0pt
* \footskip=30.0pt
* \marginparwidth=35.0pt
* \marginparsep=10.0pt
* \columnsep=10.0pt
* \skip\footins=10.8pt plus 4.0pt minus 2.0pt
* \hoffset=0.0pt
* \voffset=0.0pt
* \mag=1000
* \@twocolumnfalse
* \@twosidefalse
* \@mparswitchfalse
* \@reversemarginfalse
* (1in=72.27pt=25.4mm, 1cm=28.453pt)


Package fontspec Info: 
(fontspec)             Adjusting the maths setup (use [no-math] to avoid
(fontspec)             this).

\symlegacymaths=\mathgroup6
LaTeX Font Info:    Overwriting symbol font `legacymaths' in version `bold'
(Font)                  OT1/cmr/m/n --> OT1/cmr/bx/n on input line 193.
LaTeX Font Info:    Redeclaring math accent \acute on input line 193.
LaTeX Font Info:    Redeclaring math accent \grave on input line 193.
LaTeX Font Info:    Redeclaring math accent \ddot on input line 193.
LaTeX Font Info:    Redeclaring math accent \tilde on input line 193.
LaTeX Font Info:    Redeclaring math accent \bar on input line 193.
LaTeX Font Info:    Redeclaring math accent \breve on input line 193.
LaTeX Font Info:    Redeclaring math accent \check on input line 193.
LaTeX Font Info:    Redeclaring math accent \hat on input line 193.
LaTeX Font Info:    Redeclaring math accent \dot on input line 193.
LaTeX Font Info:    Redeclaring math accent \mathring on input line 193.
LaTeX Font Info:    Redeclaring math symbol \Gamma on input line 193.
LaTeX Font Info:    Redeclaring math symbol \Delta on input line 193.
LaTeX Font Info:    Redeclaring math symbol \Theta on input line 193.
LaTeX Font Info:    Redeclaring math symbol \Lambda on input line 193.
LaTeX Font Info:    Redeclaring math symbol \Xi on input line 193.
LaTeX Font Info:    Redeclaring math symbol \Pi on input line 193.
LaTeX Font Info:    Redeclaring math symbol \Sigma on input line 193.
LaTeX Font Info:    Redeclaring math symbol \Upsilon on input line 193.
LaTeX Font Info:    Redeclaring math symbol \Phi on input line 193.
LaTeX Font Info:    Redeclaring math symbol \Psi on input line 193.
LaTeX Font Info:    Redeclaring math symbol \Omega on input line 193.
LaTeX Font Info:    Redeclaring math symbol \mathdollar on input line 193.
LaTeX Font Info:    Redeclaring symbol font `operators' on input line 193.
LaTeX Font Info:    Encoding `OT1' has changed to `TU' for symbol font
(Font)              `operators' in the math version `normal' on input line 193.
LaTeX Font Info:    Overwriting symbol font `operators' in version `normal'
(Font)                  OT1/cmr/m/n --> TU/TimesNewRoman(0)/m/n on input line 193.
LaTeX Font Info:    Encoding `OT1' has changed to `TU' for symbol font
(Font)              `operators' in the math version `bold' on input line 193.
LaTeX Font Info:    Overwriting symbol font `operators' in version `bold'
(Font)                  OT1/cmr/bx/n --> TU/TimesNewRoman(0)/m/n on input line 193.
LaTeX Font Info:    Overwriting symbol font `operators' in version `normal'
(Font)                  TU/TimesNewRoman(0)/m/n --> TU/TimesNewRoman(0)/m/n on input line 193.
LaTeX Font Info:    Overwriting math alphabet `\mathit' in version `normal'
(Font)                  OT1/cmr/m/it --> TU/TimesNewRoman(0)/m/it on input line 193.
LaTeX Font Info:    Overwriting math alphabet `\mathbf' in version `normal'
(Font)                  OT1/cmr/bx/n --> TU/TimesNewRoman(0)/b/n on input line 193.
LaTeX Font Info:    Overwriting math alphabet `\mathsf' in version `normal'
(Font)                  OT1/cmss/m/n --> TU/Arial(0)/m/n on input line 193.
LaTeX Font Info:    Overwriting math alphabet `\mathtt' in version `normal'
(Font)                  OT1/cmtt/m/n --> TU/CourierNew(0)/m/n on input line 193.
LaTeX Font Info:    Overwriting symbol font `operators' in version `bold'
(Font)                  TU/TimesNewRoman(0)/m/n --> TU/TimesNewRoman(0)/b/n on input line 193.
LaTeX Font Info:    Overwriting math alphabet `\mathit' in version `bold'
(Font)                  OT1/cmr/bx/it --> TU/TimesNewRoman(0)/b/it on input line 193.
LaTeX Font Info:    Overwriting math alphabet `\mathsf' in version `bold'
(Font)                  OT1/cmss/bx/n --> TU/Arial(0)/b/n on input line 193.
LaTeX Font Info:    Overwriting math alphabet `\mathtt' in version `bold'
(Font)                  OT1/cmtt/m/n --> TU/CourierNew(0)/b/n on input line 193.
Package caption Info: Begin \AtBeginDocument code.
Package caption Info: hyperref package is loaded.
Package caption Info: listings package is loaded.
Package caption Info: End \AtBeginDocument code.
\c@lstlisting=\count513
Package hyperref Info: Link coloring OFF on input line 193.
(build/main.out) (build/main.out)
\@outlinefile=\write5
\openout5 = `main.out'.

Package biblatex Info: Trying to load language 'polish' -> 'polish-apa6'...
Package biblatex Info: ... file 'polish-apa6.lbx' found.
 (./polish-apa6.lbx
File: polish-apa6.lbx 2026/06/12 polska lokalizacja stylu biblatex-apa6


Package biblatex Warning: File 'american-apa6-apa6.lbx' not found!
(biblatex)                Ignoring mapping 'american-apa6' -> 'american-apa6-apa6'.

Package biblatex Info: Trying to load language 'american-apa6'...
Package biblatex Info: ... file 'american-apa6.lbx' found.
(/usr/local/texlive/2026/texmf-dist/tex/latex/biblatex-apa6/american-apa6.lbx
File: american-apa6.lbx 2020/08/28 v8.5 APA 6th ed. biblatex localisation
Package biblatex Info: Trying to load language 'american' -> 'american-apa6'...
Package biblatex Info: ... file 'american-apa6.lbx' found.
 (/usr/local/texlive/2026/texmf-dist/tex/latex/biblatex-apa6/american-apa6.lbx
File: american-apa6.lbx 2020/08/28 v8.5 APA 6th ed. biblatex localisation
Package biblatex Info: Trying to load language 'american'...
Package biblatex Info: ... file 'american.lbx' found.
 (/usr/local/texlive/2026/texmf-dist/tex/latex/biblatex/lbx/american.lbx
File: american.lbx 2025/07/10 v3.21 biblatex localization (PK/MW)
Package biblatex Info: Trying to load language 'english' -> 'english-apa6'...
Package biblatex Info: ... file 'english-apa6.lbx' found.
 (/usr/local/texlive/2026/texmf-dist/tex/latex/biblatex-apa6/english-apa6.lbx
File: english-apa6.lbx 2020/08/28 v8.5 APA 6th ed. biblatex localisation
Package biblatex Info: Trying to load language 'english'...
Package biblatex Info: ... file 'english.lbx' found.
 (/usr/local/texlive/2026/texmf-dist/tex/latex/biblatex/lbx/english.lbx
File: english.lbx 2025/07/10 v3.21 biblatex localization (PK/MW)
)))))
Package biblatex Info: Trying to load language 'polish'...
Package biblatex Info: ... file 'polish.lbx' found.
 (/usr/local/texlive/2026/texmf-dist/tex/latex/biblatex/lbx/polish.lbx
File: polish.lbx 2025/07/10 v3.21 biblatex localization (PK/MW)
))
Package biblatex Info: XeTeX detected.
(biblatex)             Assuming input encoding 'utf8'.
Package biblatex Info: Automatic encoding selection.
(biblatex)             Assuming data encoding 'utf8'.
\openout4 = `main.bcf'.

Package biblatex Info: Trying to load bibliographic data...
Package biblatex Info: ... file 'main.bbl' found.
 (build/main.bbl)
Package biblatex Info: Reference section=0 on input line 193.
Package biblatex Info: Reference segment=0 on input line 193.
File: pjatk-logo.png Graphic file (type bmp)
<pjatk-logo.png>
 [1

] [2

] (build/main.toc
LaTeX Font Info:    Trying to load font information for U+msa on input line 3.
 (/usr/local/texlive/2026/texmf-dist/tex/latex/amsfonts/umsa.fd
File: umsa.fd 2013/01/14 v3.01 AMS symbols A
) (/usr/local/texlive/2026/texmf-dist/tex/latex/microtype/mt-msa.cfg
File: mt-msa.cfg 2006/02/04 v1.1 microtype config. file: AMS symbols (a) (RS)
)
LaTeX Font Info:    Trying to load font information for U+msb on input line 3.
 (/usr/local/texlive/2026/texmf-dist/tex/latex/amsfonts/umsb.fd
File: umsb.fd 2013/01/14 v3.01 AMS symbols B
) (/usr/local/texlive/2026/texmf-dist/tex/latex/microtype/mt-msb.cfg
File: mt-msb.cfg 2005/06/01 v1.0 microtype config. file: AMS symbols (b) (RS)
) (/usr/local/texlive/2026/texmf-dist/tex/latex/microtype/mt-cmr.cfg
File: mt-cmr.cfg 2013/05/19 v2.2 microtype config. file: Computer Modern Roman (RS)
) [3


] [4] [5])
\tf@toc=\write6
\openout6 = `main.toc'.

 [6]
\openout2 = `rozdzialy/1_wstep.aux'.

 (./rozdzialy/1_wstep.tex [7



]
Package microtype Info: Loading generic protrusion settings for font family
(microtype)             `CourierNew' (encoding: TU).
(microtype)             For optimal results, create family-specific settings.
(microtype)             See the microtype manual for details.

Underfull \hbox (badness 7116) in paragraph at lines 53--56
[][][][][][][]\TU/TimesNewRoman(0)/m/n/12 ), serwisu produktów ([][][][][][][][]) oraz serwisu płatności
 []


Underfull \hbox (badness 10000) in paragraph at lines 53--56
\TU/TimesNewRoman(0)/m/n/12 ([][][][][][][][]), komunikujących się synchronicznie poprzez interfejsy
 []

[8] [9]) [10]
\openout2 = `rozdzialy/2_podstawy_mikroserwisow.aux'.

 (./rozdzialy/2_podstawy_mikroserwisow.tex
Rozdział 1.
[11




] [12] [13] [14] [15]) [16]
\openout2 = `rozdzialy/3_kubernetes.aux'.

 (./rozdzialy/3_kubernetes.tex
Rozdział 2.
[17




] [18] [19]) [20]
\openout2 = `rozdzialy/4_aws.aux'.

 (./rozdzialy/4_aws.tex
Rozdział 3.
[21




] [22] [23]) [24]
\openout2 = `rozdzialy/5_projekt_systemu.aux'.

 (./rozdzialy/5_projekt_systemu.tex
Rozdział 4.
File: wykresy/DiagramPrzypadków2.png Graphic file (type bmp)
<wykresy/DiagramPrzypadków2.png>
[25




] [26]
File: wykresy/DiagramStanow2.png Graphic file (type bmp)
<wykresy/DiagramStanow2.png>
 [27] [28]
File: wykresy/Architektura_systemu(1).png Graphic file (type bmp)
<wykresy/Architektura_systemu(1).png>
 [29]
Underfull \hbox (badness 10000) in paragraph at lines 154--154
[]|[][][][][][][][][][][][][][][][][]
 []

[30]
Package hyperref Info: bookmark level for unknown lstlisting defaults to 0 on input line 178.
 [31] (/usr/local/texlive/2026/texmf-dist/tex/latex/listings/lstlang1.sty
File: lstlang1.sty 2025/11/14 1.11b listings language file
) [32] [33] [34]) [35]
\openout2 = `rozdzialy/6_implementacja_mikroserwisow.aux'.

 (./rozdzialy/6_implementacja_mikroserwisow.tex
Rozdział 5.
[36




] (/usr/local/texlive/2026/texmf-dist/tex/latex/listings/lstlang1.sty
File: lstlang1.sty 2025/11/14 1.11b listings language file
) (/usr/local/texlive/2026/texmf-dist/tex/latex/listings/lstlang2.sty
File: lstlang2.sty 2025/11/14 1.11b listings language file
) (/usr/local/texlive/2026/texmf-dist/tex/latex/listings/lstlang3.sty
File: lstlang3.sty 2025/11/14 1.11b listings language file
) [37] [38] [39] [40] (/usr/local/texlive/2026/texmf-dist/tex/latex/listings/lstlang1.sty
File: lstlang1.sty 2025/11/14 1.11b listings language file
) (/usr/local/texlive/2026/texmf-dist/tex/latex/listings/lstlang1.sty
File: lstlang1.sty 2025/11/14 1.11b listings language file
)) [41]
\openout2 = `rozdzialy/7_implementacja_portalu.aux'.

 (./rozdzialy/7_implementacja_portalu.tex
Rozdział 6.
[42




]
File: rysunki/ProductView.png Graphic file (type bmp)
<rysunki/ProductView.png>
File: rysunki/CartView.png Graphic file (type bmp)
<rysunki/CartView.png>
File: rysunki/CheckoutView.png Graphic file (type bmp)
<rysunki/CheckoutView.png>
 [43]
Overfull \hbox (28.85292pt too wide) in paragraph at lines 65--68
[]\TU/TimesNewRoman(0)/m/n/12 Po jego utworzeniu użytkownik przechodzi do \TU/TimesNewRoman(0)/b/n/12 szczegółów zamówienia \TU/TimesNewRoman(0)/m/n/12 ([]
 []

File: rysunki/OrderDetailsView.png Graphic file (type bmp)
<rysunki/OrderDetailsView.png>
File: rysunki/PaymentView.png Graphic file (type bmp)
<rysunki/PaymentView.png>
[44]
File: rysunki/OrderHistory.png Graphic file (type bmp)
<rysunki/OrderHistory.png>
File: rysunki/DashboardView.png Graphic file (type bmp)
<rysunki/DashboardView.png>
 [45]
File: rysunki/NavigationPanel.png Graphic file (type bmp)
<rysunki/NavigationPanel.png>
 [46]
File: rysunki/HomeView.png Graphic file (type bmp)
<rysunki/HomeView.png>

Overfull \hbox (31.37766pt too wide) in paragraph at lines 161--162
 [][] 
 []

[47]
File: rysunki/CognitoLogin.png Graphic file (type bmp)
<rysunki/CognitoLogin.png>
 [48]) [49]
\openout2 = `rozdzialy/8_infrastruktura.aux'.

 (./rozdzialy/8_infrastruktura.tex
Rozdział 7.
[50




]
File: rysunki/ClusterEKS.png Graphic file (type bmp)
<rysunki/ClusterEKS.png>
 [51]
File: rysunki/NodesEKS.png Graphic file (type bmp)
<rysunki/NodesEKS.png>
 [52]
File: rysunki/AddonsEKS.png Graphic file (type bmp)
<rysunki/AddonsEKS.png>
 [53]
File: rysunki/PosgreSQL.png Graphic file (type bmp)
<rysunki/PosgreSQL.png>
File: rysunki/ServicesEKS.png Graphic file (type bmp)
<rysunki/ServicesEKS.png>
 [54]
File: rysunki/Kafka.png Graphic file (type bmp)
<rysunki/Kafka.png>
 [55]
File: rysunki/Cloudfront.png Graphic file (type bmp)
<rysunki/Cloudfront.png>
File: rysunki/CloudfrontPaths.png Graphic file (type bmp)
<rysunki/CloudfrontPaths.png>
 [56]
File: rysunki/Nginx.png Graphic file (type bmp)
<rysunki/Nginx.png>

Overfull \hbox (9.6903pt too wide) in paragraph at lines 412--413
 [][] 
 []

[57] [58]
File: rysunki/PrometheusEKS.png Graphic file (type bmp)
<rysunki/PrometheusEKS.png>
File: rysunki/Grafana.png Graphic file (type bmp)
<rysunki/Grafana.png>
) [59] [60]
\openout2 = `rozdzialy/9_testy.aux'.

 (./rozdzialy/9_testy.tex
Rozdział 8.
[61




]
Underfull \hbox (badness 10000) in paragraph at lines 58--58
[]|\TU/TimesNewRoman(0)/m/n/12 przekierowanie, wydanie
 []


Underfull \hbox (badness 10000) in paragraph at lines 60--60
[]|\TU/TimesNewRoman(0)/m/n/12 status [][][][], zdarzenie
 []


Underfull \hbox (badness 10000) in paragraph at lines 63--63
[]|\TU/TimesNewRoman(0)/m/n/12 odrzucenie rezerwacji,
 []


Underfull \hbox (badness 10000) in paragraph at lines 65--65
[]|\TU/TimesNewRoman(0)/m/n/12 odmowa (autoryzacja
 []

[62] [63]
File: wykresy/max-grafana-order.png Graphic file (type bmp)
<wykresy/max-grafana-order.png>
File: wykresy/max-grafana-product.png Graphic file (type bmp)
<wykresy/max-grafana-product.png>
 [64]
File: rysunki/JuneBilling.png Graphic file (type bmp)
<rysunki/JuneBilling.png>
File: rysunki/ForecastCost.png Graphic file (type bmp)
<rysunki/ForecastCost.png>
 [65]
File: rysunki/order-service-flamegraph.png Graphic file (type bmp)
<rysunki/order-service-flamegraph.png>
File: rysunki/product-service-flamegraph.png Graphic file (type bmp)
<rysunki/product-service-flamegraph.png>
 [66] [67]) [68]
\openout2 = `rozdzialy/10_wnioski.aux'.

 (./rozdzialy/10_wnioski.tex [69




] [70]) [71] (build/main.lof
Underfull \hbox (badness 10000) in paragraph at lines 7--7
 \TU/TimesNewRoman(0)/m/n/12 udFront+ALB+nginx), a uwierzytelnianie realizuje Amazon Cognito. 
 []

[72




] [73] [74])
\tf@lof=\write7
\openout7 = `main.lof'.

 [75] (build/main.lot)
\tf@lot=\write8
\openout8 = `main.lot'.

 [76


] (build/main.lol)
\tf@lol=\write9
\openout9 = `main.lol'.

 [77


] [78


] (./rozdzialy/wykaz_skrotow.tex
ignored: Infinite glue shrinkage found in box being split [79


]
ignored: Infinite glue shrinkage found in box being split [80]) [81] (build/main.aux (build/rozdzialy/1_wstep.aux) (build/rozdzialy/2_podstawy_mikroserwisow.aux) (build/rozdzialy/3_kubernetes.aux) (build/rozdzialy/4_aws.aux) (build/rozdzialy/5_projekt_systemu.aux) (build/rozdzialy/6_implementacja_mikroserwisow.aux) (build/rozdzialy/7_implementacja_portalu.aux) (build/rozdzialy/8_infrastruktura.aux) (build/rozdzialy/9_testy.aux) (build/rozdzialy/10_wnioski.aux))
 ***********
LaTeX2e <2025-11-01>
L3 programming layer <2026-01-19>
 ***********
Package rerunfilecheck Info: File `main.out' has not changed.
(rerunfilecheck)             Checksum: 6E25A47AAF43C3C023AB6A0390469715;20830.
Package logreq Info: Writing requests to 'main.run.xml'.
\openout1 = `main.run.xml'.

 ) 
Here is how much of TeX's memory you used:
 41078 strings out of 468168
 836804 string characters out of 5432816
 2216570 words of memory out of 5000000
 69067 multiletter control sequences out of 15000+600000
 635343 words of font info for 121 fonts, out of 8000000 for 9000
 1348 hyphenation exceptions out of 8191
 102i,16n,107p,1234b,6927s stack positions out of 10000i,1000n,20000p,200000b,200000s

Output written on build/main.xdv (81 pages, 1751560 bytes).
